<?xml version="1.0" encoding="UTF-8"?>
<!-- Generated by org.testng.reporters.JUnitReportReporter -->
<testsuite skipped="0" hostname="SMS-King-R" name="testng.train.TestNGbasicwork" tests="1" failures="0" timestamp="23 Apr 2023 11:36:21 GMT" time="10.610" errors="0">
  <testcase name="loginWithUserNameAndPassword" time="10.610" classname="testng.train.TestNGbasicwork"/>
</testsuite> <!-- testng.train.TestNGbasicwork -->
